#
# A fatal error has been detected by the Java Runtime Environment:
#
#  EXCEPTION_ACCESS_VIOLATION (0xc0000005) at pc=0x0000000050ea8d85, pid=9492, tid=516
#
# JRE version: Java(TM) SE Runtime Environment (8.0_77-b03) (build 1.8.0_77-b03)
# Java VM: Java HotSpot(TM) 64-Bit Server VM (25.77-b03 mixed mode windows-amd64 compressed oops)
# Problematic frame:
# V  [jvm.dll+0x128d85]
#
# Failed to write core dump. Minidumps are not enabled by default on client versions of Windows
#
# If you would like to submit a bug report, please visit:
#   http://bugreport.java.com/bugreport/crash.jsp
#

---------------  T H R E A D  ---------------

Current thread (0x000000001487f000):  JavaThread "JDWP Transport Listener: dt_socket" daemon [_thread_in_vm, id=516, stack(0x0000000015f00000,0x0000000016000000)]

siginfo: ExceptionCode=0xc0000005, reading address 0xffffffffffffffff

Registers:
RAX=0x0000000015fff101, RBX=0x000000001487f000, RCX=0x4c003b00003b7200, RDX=0x0000000000000000
RSP=0x0000000015fff190, RBP=0x4c003b00003b7200, RSI=0x0000000015fff2a8, RDI=0x00000000020185c0
R8 =0x000000001487f000, R9 =0x0000000000000000, R10=0x0000000000000000, R11=0x0000000000000064
R12=0x0000000000000000, R13=0x000000001488d4e8, R14=0x0000000000000000, R15=0x0000000000000000
RIP=0x0000000050ea8d85, EFLAGS=0x0000000000010206

Top of Stack: (sp=0x0000000015fff190)
0x0000000015fff190:   000000001487f000 000000001487f000
0x0000000015fff1a0:   0000000015fff258 00000000510ae33b
0x0000000015fff1b0:   000000001487f000 00000000510cab9d
0x0000000015fff1c0:   0000000000000000 0000000050ba9155
0x0000000015fff1d0:   00000000148a3fc0 0000000050bb291e
0x0000000015fff1e0:   000000001487f000 0000000000000000
0x0000000015fff1f0:   0000000000000000 0000000000000000
0x0000000015fff200:   4c003b00003b7200 0000000050bb1a15
0x0000000015fff210:   0000000015fff2a8 0000000015fff280
0x0000000015fff220:   0000000000000001 00000000148a3fc0
0x0000000015fff230:   4c003b00003b7200 0000000050b953b3
0x0000000015fff240:   0000000015fff370 0000000000000001
0x0000000015fff250:   0000000000000001 00000000148a3fc0
0x0000000015fff260:   000000000000000a 0000000000000000
0x0000000015fff270:   0000000000000000 0000000000000000
0x0000000015fff280:   0000000000000001 0000000050b95571 

Instructions: (pc=0x0000000050ea8d85)
0x0000000050ea8d65:   cc cc cc cc cc cc cc cc cc cc cc 48 83 ec 28 48
0x0000000050ea8d75:   85 c9 75 07 33 c0 48 83 c4 28 c3 48 89 5c 24 20
0x0000000050ea8d85:   48 8b 19 48 85 db 74 20 48 83 fb 37 74 1a 48 8b
0x0000000050ea8d95:   13 48 8b cb ff 52 10 84 c0 74 0d 48 8b c3 48 8b 


Register to memory mapping:

RAX=0x0000000015fff101 is pointing into the stack for thread: 0x000000001487f000
RBX=0x000000001487f000 is a thread
RCX=0x4c003b00003b7200 is an unknown value
RDX=0x0000000000000000 is an unknown value
RSP=0x0000000015fff190 is pointing into the stack for thread: 0x000000001487f000
RBP=0x4c003b00003b7200 is an unknown value
RSI=0x0000000015fff2a8 is pointing into the stack for thread: 0x000000001487f000
RDI=0x00000000020185c0 is an unknown value
R8 =0x000000001487f000 is a thread
R9 =0x0000000000000000 is an unknown value
R10=0x0000000000000000 is an unknown value
R11=0x0000000000000064 is an unknown value
R12=0x0000000000000000 is an unknown value
R13=0x000000001488d4e8 is an unknown value
R14=0x0000000000000000 is an unknown value
R15=0x0000000000000000 is an unknown value


Stack: [0x0000000015f00000,0x0000000016000000],  sp=0x0000000015fff190,  free space=1020k
Native frames: (J=compiled Java code, j=interpreted, Vv=VM code, C=native code)
V  [jvm.dll+0x128d85]
V  [jvm.dll+0x34ab9d]
C  [jdwp.dll+0x21a15]
C  [jdwp.dll+0x53b3]
C  [jdwp.dll+0x5571]
C  [jdwp.dll+0xf0a8]
C  [jdwp.dll+0x1f2d5]
C  [jdwp.dll+0x1f4aa]
V  [jvm.dll+0x1bba58]
V  [jvm.dll+0x243434]
V  [jvm.dll+0x29a27a]
C  [msvcr100.dll+0x21d9f]
C  [msvcr100.dll+0x21e3b]
C  [KERNEL32.DLL+0x18102]
C  [ntdll.dll+0x5c5b4]


---------------  P R O C E S S  ---------------

Java Threads: ( => current thread )
  0x0000000016402800 JavaThread "Service Thread" daemon [_thread_blocked, id=9792, stack(0x0000000016800000,0x0000000016900000)]
  0x00000000148fc000 JavaThread "C1 CompilerThread1" daemon [_thread_blocked, id=9888, stack(0x0000000016300000,0x0000000016400000)]
  0x00000000148a0800 JavaThread "C2 CompilerThread0" daemon [_thread_blocked, id=5792, stack(0x0000000016200000,0x0000000016300000)]
  0x0000000014895800 JavaThread "JDWP Command Reader" daemon [_thread_in_native, id=9672, stack(0x0000000016100000,0x0000000016200000)]
  0x0000000014891000 JavaThread "JDWP Event Helper Thread" daemon [_thread_blocked, id=8392, stack(0x0000000016000000,0x0000000016100000)]
=>0x000000001487f000 JavaThread "JDWP Transport Listener: dt_socket" daemon [_thread_in_vm, id=516, stack(0x0000000015f00000,0x0000000016000000)]
  0x000000001487a800 JavaThread "Attach Listener" daemon [_thread_blocked, id=8336, stack(0x0000000015ac0000,0x0000000015bc0000)]
  0x0000000014879000 JavaThread "Signal Dispatcher" daemon [_thread_blocked, id=7876, stack(0x00000000159c0000,0x0000000015ac0000)]
  0x0000000014869800 JavaThread "Finalizer" daemon [_thread_blocked, id=3644, stack(0x00000000157c0000,0x00000000158c0000)]
  0x00000000022bf000 JavaThread "Reference Handler" daemon [_thread_blocked, id=4656, stack(0x00000000156c0000,0x00000000157c0000)]
  0x000000000201e000 JavaThread "main" [_thread_in_native, id=9684, stack(0x00000000020d0000,0x00000000021d0000)]

Other Threads:
  0x0000000014847000 VMThread [stack: 0x00000000155c0000,0x00000000156c0000] [id=2620]
  0x000000001640e800 WatcherThread [stack: 0x0000000016900000,0x0000000016a00000] [id=8640]

VM state:not at safepoint (normal execution)

VM Mutex/Monitor currently owned by a thread: None

Heap:
 PSYoungGen      total 18944K, used 1638K [0x00000000eab00000, 0x00000000ec000000, 0x0000000100000000)
  eden space 16384K, 10% used [0x00000000eab00000,0x00000000eac99b78,0x00000000ebb00000)
  from space 2560K, 0% used [0x00000000ebd80000,0x00000000ebd80000,0x00000000ec000000)
  to   space 2560K, 0% used [0x00000000ebb00000,0x00000000ebb00000,0x00000000ebd80000)
 ParOldGen       total 44032K, used 0K [0x00000000c0000000, 0x00000000c2b00000, 0x00000000eab00000)
  object space 44032K, 0% used [0x00000000c0000000,0x00000000c0000000,0x00000000c2b00000)
 Metaspace       used 3678K, capacity 4908K, committed 5120K, reserved 1056768K
  class space    used 411K, capacity 468K, committed 512K, reserved 1048576K

Card table byte_map: [0x0000000011690000,0x00000000118a0000] byte_map_base: 0x0000000011090000

Marking Bits: (ParMarkBitMap*) 0x0000000051590600
 Begin Bits: [0x0000000011d00000, 0x0000000012d00000)
 End Bits:   [0x0000000012d00000, 0x0000000013d00000)

Polling page: 0x0000000001ff0000

CodeCache: size=245760Kb used=1185Kb max_used=1185Kb free=244574Kb
 bounds [0x00000000022d0000, 0x0000000002540000, 0x00000000112d0000]
 total_blobs=304 nmethods=71 adapters=155
 compilation: enabled

Compilation events (10 events):
Event: 0.762 Thread 0x00000000148fc000   67       3       java.util.regex.ASCII::isAscii (13 bytes)
Event: 0.762 Thread 0x00000000148fc000 nmethod 67 0x00000000023f7150 code [0x00000000023f72a0, 0x00000000023f7430]
Event: 0.762 Thread 0x00000000148fc000   68       3       java.util.regex.Pattern::peek (26 bytes)
Event: 0.762 Thread 0x00000000148fc000 nmethod 68 0x00000000023f7490 code [0x00000000023f7600, 0x00000000023f78c8]
Event: 0.762 Thread 0x00000000148fc000   69       3       java.lang.Character::isBmpCodePoint (13 bytes)
Event: 0.763 Thread 0x00000000148fc000 nmethod 69 0x00000000023f7a10 code [0x00000000023f7b60, 0x00000000023f7cf0]
Event: 0.763 Thread 0x00000000148fc000   70       3       java.util.regex.Pattern::next (33 bytes)
Event: 0.763 Thread 0x00000000148fc000 nmethod 70 0x00000000023f7d50 code [0x00000000023f7ec0, 0x00000000023f8188]
Event: 0.763 Thread 0x00000000148fc000   71       1       java.util.regex.Pattern::flags (5 bytes)
Event: 0.763 Thread 0x00000000148fc000 nmethod 71 0x00000000023f82d0 code [0x00000000023f8420, 0x00000000023f8530]

GC Heap History (0 events):
No events

Deoptimization events (0 events):
No events

Internal exceptions (6 events):
Event: 0.120 Thread 0x000000000201e000 Exception <a 'java/lang/NoSuchMethodError': Method sun.misc.Unsafe.defineClass(Ljava/lang/String;[BII)Ljava/lang/Class; name or signature does not match> (0x00000000eab07cc0) thrown at [D:\re\workspace\8-2-build-windows-amd64-cygwin\jdk8u77\6540\hotspot\srù‰c­…ž¾?
Event: 0.120 Thread 0x000000000201e000 Exception <a 'java/lang/NoSuchMethodError': Method sun.misc.Unsafe.prefetchRead(Ljava/lang/Object;J)V name or signature does not match> (0x00000000eab07fa8) thrown at [D:\re\workspace\8-2-build-windows-amd64-cygwin\jdk8u77\6540\hotspot\src\share\vm\prims\j¼Àqï-ç?
Event: 0.724 Thread 0x000000000201e000 Exception <a 'java/security/PrivilegedActionException'> (0x00000000eabe2a18) thrown at [D:\re\workspace\8-2-build-windows-amd64-cygwin\jdk8u77\6540\hotspot\src\share\vm\prims\jvm.cpp, line 1386]
Event: 0.724 Thread 0x000000000201e000 Exception <a 'java/security/PrivilegedActionException'> (0x00000000eabe2e10) thrown at [D:\re\workspace\8-2-build-windows-amd64-cygwin\jdk8u77\6540\hotspot\src\share\vm\prims\jvm.cpp, line 1386]
Event: 0.726 Thread 0x000000000201e000 Exception <a 'java/security/PrivilegedActionException'> (0x00000000eabe6ba0) thrown at [D:\re\workspace\8-2-build-windows-amd64-cygwin\jdk8u77\6540\hotspot\src\share\vm\prims\jvm.cpp, line 1386]
Event: 0.726 Thread 0x000000000201e000 Exception <a 'java/security/PrivilegedActionException'> (0x00000000eabe6f98) thrown at [D:\re\workspace\8-2-build-windows-amd64-cygwin\jdk8u77\6540\hotspot\src\share\vm\prims\jvm.cpp, line 1386]

Events (10 events):
Event: 3326.558 Executing VM operation: ChangeBreakpoints
Event: 3326.559 Executing VM operation: ChangeBreakpoints done
Event: 3326.567 Executing VM operation: ChangeBreakpoints
Event: 3326.567 Executing VM operation: ChangeBreakpoints done
Event: 3326.578 Executing VM operation: ChangeBreakpoints
Event: 3326.578 Executing VM operation: ChangeBreakpoints done
Event: 3326.583 Executing VM operation: ChangeBreakpoints
Event: 3326.583 Executing VM operation: ChangeBreakpoints done
Event: 4307.369 Executing VM operation: RedefineClasses
Event: 4307.373 Executing VM operation: RedefineClasses done


Dynamic libraries:
0x00007ff6cef80000 - 0x00007ff6cefb7000 	C:\Program Files\Java\jre1.8.0_77\bin\javaw.exe
0x00007ff9e19f0000 - 0x00007ff9e1bb1000 	C:\WINDOWS\SYSTEM32\ntdll.dll
0x00007ff9df6d0000 - 0x00007ff9df77d000 	C:\WINDOWS\system32\KERNEL32.DLL
0x00007ff9cdc60000 - 0x00007ff9cdc93000 	C:\Program Files (x86)\AVG\Av\avghooka.dll
0x00007ff9dcf10000 - 0x00007ff9dd0f8000 	C:\WINDOWS\system32\KERNELBASE.dll
0x00007ff9dffc0000 - 0x00007ff9e0067000 	C:\WINDOWS\system32\ADVAPI32.dll
0x00007ff9e02f0000 - 0x00007ff9e038d000 	C:\WINDOWS\system32\msvcrt.dll
0x00007ff9df120000 - 0x00007ff9df17b000 	C:\WINDOWS\system32\sechost.dll
0x00007ff9e0140000 - 0x00007ff9e025c000 	C:\WINDOWS\system32\RPCRT4.dll
0x00007ff9df3e0000 - 0x00007ff9df536000 	C:\WINDOWS\system32\USER32.dll
0x00007ff9dfa00000 - 0x00007ff9dfb86000 	C:\WINDOWS\system32\GDI32.dll
0x00007ff9d6eb0000 - 0x00007ff9d7124000 	C:\WINDOWS\WinSxS\amd64_microsoft.windows.common-controls_6595b64144ccf1df_6.0.10586.494_none_a2d8b04ea53e3145\COMCTL32.dll
0x00007ff9df780000 - 0x00007ff9df9fd000 	C:\WINDOWS\system32\combase.dll
0x00007ff9dd1f0000 - 0x00007ff9dd25a000 	C:\WINDOWS\system32\bcryptPrimitives.dll
0x00007ff9df3a0000 - 0x00007ff9df3db000 	C:\WINDOWS\system32\IMM32.DLL
0x0000000050bd0000 - 0x0000000050ca2000 	C:\Program Files\Java\jre1.8.0_77\bin\msvcr100.dll
0x0000000050d80000 - 0x0000000051610000 	C:\Program Files\Java\jre1.8.0_77\bin\server\jvm.dll
0x00007ff9ddba0000 - 0x00007ff9ddba8000 	C:\WINDOWS\system32\PSAPI.DLL
0x00007ff9d1cd0000 - 0x00007ff9d1cd9000 	C:\WINDOWS\SYSTEM32\WSOCK32.dll
0x00007ff9e0260000 - 0x00007ff9e02cb000 	C:\WINDOWS\system32\WS2_32.dll
0x00007ff9db020000 - 0x00007ff9db043000 	C:\WINDOWS\SYSTEM32\WINMM.dll
0x00007ff9d7e10000 - 0x00007ff9d7e1a000 	C:\WINDOWS\SYSTEM32\VERSION.dll
0x00007ff9dafc0000 - 0x00007ff9dafec000 	C:\WINDOWS\SYSTEM32\WINMMBASE.dll
0x00007ff9dd320000 - 0x00007ff9dd363000 	C:\WINDOWS\system32\cfgmgr32.dll
0x0000000050d70000 - 0x0000000050d7f000 	C:\Program Files\Java\jre1.8.0_77\bin\verify.dll
0x0000000050d40000 - 0x0000000050d69000 	C:\Program Files\Java\jre1.8.0_77\bin\java.dll
0x0000000050b90000 - 0x0000000050bc5000 	C:\Program Files\Java\jre1.8.0_77\bin\jdwp.dll
0x0000000050b80000 - 0x0000000050b88000 	C:\Program Files\Java\jre1.8.0_77\bin\npt.dll
0x0000000050d20000 - 0x0000000050d36000 	C:\Program Files\Java\jre1.8.0_77\bin\zip.dll
0x00007ff9ddbb0000 - 0x00007ff9df10c000 	C:\WINDOWS\system32\SHELL32.dll
0x00007ff9dd440000 - 0x00007ff9dda85000 	C:\WINDOWS\system32\windows.storage.dll
0x00007ff9df540000 - 0x00007ff9df592000 	C:\WINDOWS\system32\shlwapi.dll
0x00007ff9dcd10000 - 0x00007ff9dcd1f000 	C:\WINDOWS\system32\kernel.appcore.dll
0x00007ff9dd260000 - 0x00007ff9dd315000 	C:\WINDOWS\system32\shcore.dll
0x00007ff9dccb0000 - 0x00007ff9dccfb000 	C:\WINDOWS\system32\powrprof.dll
0x00007ff9dcd20000 - 0x00007ff9dcd34000 	C:\WINDOWS\system32\profapi.dll
0x0000000050b70000 - 0x0000000050b79000 	C:\Program Files\Java\jre1.8.0_77\bin\dt_socket.dll
0x00007ff9cdcb0000 - 0x00007ff9cdcc6000 	C:\WINDOWS\system32\napinsp.dll
0x00007ff9cdcd0000 - 0x00007ff9cdcea000 	C:\WINDOWS\system32\pnrpnsp.dll
0x00007ff9da560000 - 0x00007ff9da578000 	C:\WINDOWS\system32\NLAapi.dll
0x00007ff9dc580000 - 0x00007ff9dc5dc000 	C:\WINDOWS\System32\mswsock.dll
0x00007ff9db700000 - 0x00007ff9db7aa000 	C:\WINDOWS\SYSTEM32\DNSAPI.dll
0x00007ff9df110000 - 0x00007ff9df118000 	C:\WINDOWS\system32\NSI.dll
0x00007ff9cdcf0000 - 0x00007ff9cdcfd000 	C:\WINDOWS\System32\winrnr.dll
0x00007ff9d3fa0000 - 0x00007ff9d4007000 	C:\WINDOWS\System32\fwpuclnt.dll
0x00007ff9dcbe0000 - 0x00007ff9dcc09000 	C:\WINDOWS\SYSTEM32\bcrypt.dll
0x00007ff9d0640000 - 0x00007ff9d064a000 	C:\Windows\System32\rasadhlp.dll
0x00007ff9c0a50000 - 0x00007ff9c0bdc000 	C:\WINDOWS\SYSTEM32\dbghelp.dll

VM Arguments:
jvm_args: -agentlib:jdwp=transport=dt_socket,suspend=y,address=localhost:50178 -Dfile.encoding=Cp1252 
java_command: com.labii.matiasparra.Main
java_class_path (initial): C:\Users\WIZERWOLF\workspace\com.labii.matiasparra\bin
Launcher Type: SUN_STANDARD

Environment Variables:
JAVA_HOME=C:\Program Files\Java\jdk1.7.0_79
PATH=C:/Program Files/Java/jre1.8.0_77/bin/server;C:/Program Files/Java/jre1.8.0_77/bin;C:/Program Files/Java/jre1.8.0_77/lib/amd64;C:\ProgramData\Oracle\Java\javapath;C:\Program Files (x86)\NVIDIA Corporation\PhysX\Common;C:\WINDOWS\system32;C:\WINDOWS;C:\WINDOWS\System32\Wbem;C:\WINDOWS\System32\WindowsPowerShell\v1.0\;C:\Program Files (x86)\Skype\Phone\;%JAVA_HOME%\bin;E:\x86\Microsoft SQL Server\Client SDK\ODBC\130\Tools\Binn\;E:\x86\Microsoft SQL Server\130\Tools\Binn\;E:\x86\Microsoft SQL Server\130\DTS\Binn\;E:\x86\Microsoft SQL Server\130\Tools\Binn\ManagementStudio\;E:\Microsoft SQL Server\Client SDK\ODBC\110\Tools\Binn\;E:\x86\Microsoft SQL Server\120\Tools\Binn\;E:\Microsoft SQL Server\120\Tools\Binn\;E:\Microsoft SQL Server\120\DTS\Binn\;C:\Program Files\Git\cmd;C:\Program Files\TortoiseGit\bin;C:\Users\WIZERWOLF\Desktop;
USERNAME=WIZERWOLF
OS=Windows_NT
PROCESSOR_IDENTIFIER=AMD64 Family 16 Model 2 Stepping 3, AuthenticAMD



---------------  S Y S T E M  ---------------

OS: Windows 10.0 , 64 bit Build 10586 (10.0.10586.0)

CPU:total 3 (3 cores per cpu, 1 threads per core) family 16 model 2 stepping 3, cmov, cx8, fxsr, mmx, sse, sse2, sse3, popcnt, mmxext, 3dnowpref, lzcnt, sse4a, tsc, tscinvbit, tscinv

Memory: 4k page, physical 4193456k(738808k free), swap 8387760k(2429060k free)

vm_info: Java HotSpot(TM) 64-Bit Server VM (25.77-b03) for windows-amd64 JRE (1.8.0_77-b03), built on Mar 20 2016 22:01:33 by "java_re" with MS VC++ 10.0 (VS2010)

time: Tue Aug 23 16:50:16 2016
elapsed time: 4307 seconds (0d 1h 11m 47s)

